Determining if the pthread_create exist failed with the following output:
Change Dir: /home/pca/pimouse_ws/build/CMakeFiles/CMakeTmp

Run Build Command:"/usr/bin/make" "cmTC_95e55/fast"
/usr/bin/make -f CMakeFiles/cmTC_95e55.dir/build.make CMakeFiles/cmTC_95e55.dir/build
make[1]: Entering directory '/home/pca/pimouse_ws/build/CMakeFiles/CMakeTmp'
Building C object CMakeFiles/cmTC_95e55.dir/CheckSymbolExists.c.o
/usr/bin/cc    -o CMakeFiles/cmTC_95e55.dir/CheckSymbolExists.c.o   -c /home/pca/pimouse_ws/build/CMakeFiles/CMakeTmp/CheckSymbolExists.c
Linking C executable cmTC_95e55
/usr/bin/cmake -E cmake_link_script CMakeFiles/cmTC_95e55.dir/link.txt --verbose=1
/usr/bin/cc      -rdynamic CMakeFiles/cmTC_95e55.dir/CheckSymbolExists.c.o  -o cmTC_95e55 
CMakeFiles/cmTC_95e55.dir/CheckSymbolExists.c.o: 於函式 main:
CheckSymbolExists.c:(.text+0x1b): 未定義參考到 pthread_create
collect2: error: ld returned 1 exit status
CMakeFiles/cmTC_95e55.dir/build.make:97: recipe for target 'cmTC_95e55' failed
make[1]: *** [cmTC_95e55] Error 1
make[1]: Leaving directory '/home/pca/pimouse_ws/build/CMakeFiles/CMakeTmp'
Makefile:126: recipe for target 'cmTC_95e55/fast' failed
make: *** [cmTC_95e55/fast] Error 2

File /home/pca/pimouse_ws/build/CMakeFiles/CMakeTmp/CheckSymbolExists.c:
/* */
#include <pthread.h>

int main(int argc, char** argv)
{
  (void)argv;
#ifndef pthread_create
  return ((int*)(&pthread_create))[argc];
#else
  (void)argc;
  return 0;
#endif
}

Determining if the function pthread_create exists in the pthreads failed with the following output:
Change Dir: /home/pca/pimouse_ws/build/CMakeFiles/CMakeTmp

Run Build Command:"/usr/bin/make" "cmTC_e5e71/fast"
/usr/bin/make -f CMakeFiles/cmTC_e5e71.dir/build.make CMakeFiles/cmTC_e5e71.dir/build
make[1]: Entering directory '/home/pca/pimouse_ws/build/CMakeFiles/CMakeTmp'
Building C object CMakeFiles/cmTC_e5e71.dir/CheckFunctionExists.c.o
/usr/bin/cc   -DCHECK_FUNCTION_EXISTS=pthread_create   -o CMakeFiles/cmTC_e5e71.dir/CheckFunctionExists.c.o   -c /usr/share/cmake-3.10/Modules/CheckFunctionExists.c
Linking C executable cmTC_e5e71
/usr/bin/cmake -E cmake_link_script CMakeFiles/cmTC_e5e71.dir/link.txt --verbose=1
/usr/bin/cc  -DCHECK_FUNCTION_EXISTS=pthread_create    -rdynamic CMakeFiles/cmTC_e5e71.dir/CheckFunctionExists.c.o  -o cmTC_e5e71 -lpthreads 
/usr/bin/ld: 找不到 -lpthreads
collect2: error: ld returned 1 exit status
CMakeFiles/cmTC_e5e71.dir/build.make:97: recipe for target 'cmTC_e5e71' failed
make[1]: *** [cmTC_e5e71] Error 1
make[1]: Leaving directory '/home/pca/pimouse_ws/build/CMakeFiles/CMakeTmp'
Makefile:126: recipe for target 'cmTC_e5e71/fast' failed
make: *** [cmTC_e5e71/fast] Error 2


